<?xml version="1.0" encoding="UTF-8"?>
<!-- Generated by org.testng.reporters.JUnitReportReporter -->
<testsuite hostname="Sophias-MacBook-Pro.local" failures="0" tests="1" name="amazonTest.AmazonTest4" time="5.927" errors="0" timestamp="10 Oct. 2018 02:15:23 GMT" skipped="0">
  <testcase classname="amazonTest.AmazonTest4" name="verifyInvalidSearch" time="5.927"/>
</testsuite> <!-- amazonTest.AmazonTest4 -->
